<?xml version="1.0" encoding="UTF-8"?>
<!-- Generated by org.testng.reporters.JUnitReportReporter -->
<testsuite hostname="DESKTOP-U56OCN7" name="githubtest.GitHubTest" tests="1" failures="0" timestamp="2 Jun 2019 06:38:14 GMT" time="12.044" errors="0">
  <testcase name="loginTest" time="12.044" classname="githubtest.GitHubTest"/>
</testsuite> <!-- githubtest.GitHubTest -->
